<?xml version="1.0" encoding="UTF-8"?>
<robot generator="Robot 3.2.1 (Python 3.8.3 on win32)" generated="20200713 19:44:08.537" rpa="false">
<suite id="s1" name="Jour3" source="F:\E20T-4\Automatisation2\workspaceAU2\jour3">
<suite id="s1-s1" name="DemoOrange" source="F:\E20T-4\Automatisation2\workspaceAU2\jour3\DemoOrange">
<suite id="s1-s1-s1" name="loginTestSuite" source="F:\E20T-4\Automatisation2\workspaceAU2\jour3\DemoOrange\loginTestSuite.robot">
<test id="s1-s1-s1-t1" name="logintest">
<kw name="Open Browser" library="SeleniumLibrary">
<doc>Opens a new browser instance to the optional ``url``.</doc>
<arguments>
<arg>${URL}</arg>
<arg>${Browser}</arg>
</arguments>
<msg timestamp="20200713 19:44:09.516" level="INFO">Opening browser 'gc' to base url 'https://opensource-demo.orangehrmlive.com/index.php/auth/login'.</msg>
<status status="PASS" starttime="20200713 19:44:09.512" endtime="20200713 19:44:15.868"></status>
</kw>
<kw name="Maximize Browser Window" library="SeleniumLibrary">
<doc>Maximizes current browser window.</doc>
<status status="PASS" starttime="20200713 19:44:15.870" endtime="20200713 19:44:17.226"></status>
</kw>
<kw name="Set Browser Implicit Wait" library="SeleniumLibrary">
<doc>Sets the implicit wait value used by Selenium.</doc>
<arguments>
<arg>5</arg>
</arguments>
<status status="PASS" starttime="20200713 19:44:17.228" endtime="20200713 19:44:17.243"></status>
</kw>
<kw name="Input Text" library="SeleniumLibrary">
<doc>Types the given ``text`` into the text field identified by ``locator``.</doc>
<arguments>
<arg>id=txtUsername</arg>
<arg>&amp;{dataLogin}[username]</arg>
</arguments>
<msg timestamp="20200713 19:44:17.247" level="WARN">Accessing variable items using '&amp;{dataLogin}[username]' syntax is deprecated. Use '${dataLogin}[username]' instead.</msg>
<msg timestamp="20200713 19:44:17.250" level="INFO">Typing text 'Admin' into text field 'id=txtUsername'.</msg>
<status status="PASS" starttime="20200713 19:44:17.245" endtime="20200713 19:44:17.837"></status>
</kw>
<kw name="Input Password" library="SeleniumLibrary">
<doc>Types the given password into the text field identified by ``locator``.</doc>
<arguments>
<arg>id=txtPassword</arg>
<arg>admin123</arg>
<arg>&amp;{dataLogin}[password]</arg>
</arguments>
<msg timestamp="20200713 19:44:17.840" level="WARN">Accessing variable items using '&amp;{dataLogin}[password]' syntax is deprecated. Use '${dataLogin}[password]' instead.</msg>
<msg timestamp="20200713 19:44:17.841" level="INFO">Typing password into text field 'id=txtPassword'.</msg>
<msg timestamp="20200713 19:44:18.000" level="INFO">Temporally setting log level to: NONE</msg>
<msg timestamp="20200713 19:44:18.344" level="INFO">Log level changed from NONE to INFO.</msg>
<status status="PASS" starttime="20200713 19:44:17.839" endtime="20200713 19:44:18.345"></status>
</kw>
<kw name="Click Button" library="SeleniumLibrary">
<doc>Clicks the button identified by ``locator``.</doc>
<arguments>
<arg>//*[@id="btnLogin"]</arg>
</arguments>
<msg timestamp="20200713 19:44:18.355" level="INFO">Clicking button '//*[@id="btnLogin"]'.</msg>
<status status="PASS" starttime="20200713 19:44:18.346" endtime="20200713 19:44:20.326"></status>
</kw>
<kw name="Click Element" library="SeleniumLibrary">
<doc>Click the element identified by ``locator``.</doc>
<arguments>
<arg>id=welcome</arg>
</arguments>
<msg timestamp="20200713 19:44:20.335" level="INFO">Clicking element 'id=welcome'.</msg>
<status status="PASS" starttime="20200713 19:44:20.327" endtime="20200713 19:44:21.088"></status>
</kw>
<kw name="Set Browser Implicit Wait" library="SeleniumLibrary">
<doc>Sets the implicit wait value used by Selenium.</doc>
<arguments>
<arg>5</arg>
</arguments>
<status status="PASS" starttime="20200713 19:44:21.089" endtime="20200713 19:44:21.107"></status>
</kw>
<kw name="Click Element" library="SeleniumLibrary">
<doc>Click the element identified by ``locator``.</doc>
<arguments>
<arg>link=Logout</arg>
</arguments>
<msg timestamp="20200713 19:44:21.113" level="INFO">Clicking element 'link=Logout'.</msg>
<status status="PASS" starttime="20200713 19:44:21.112" endtime="20200713 19:44:22.277"></status>
</kw>
<kw name="Log" library="BuiltIn">
<doc>Logs the given message with the given level.</doc>
<arguments>
<arg>end of test by by</arg>
</arguments>
<msg timestamp="20200713 19:44:22.279" level="INFO">end of test by by</msg>
<status status="PASS" starttime="20200713 19:44:22.277" endtime="20200713 19:44:22.280"></status>
</kw>
<kw name="Log" library="BuiltIn">
<doc>Logs the given message with the given level.</doc>
<arguments>
<arg>ceci est un test execute par%{username}dans %{os}</arg>
</arguments>
<msg timestamp="20200713 19:44:22.282" level="INFO">ceci est un test execute parlenovodans Windows_NT</msg>
<status status="PASS" starttime="20200713 19:44:22.280" endtime="20200713 19:44:22.283"></status>
</kw>
<doc>ceci est une manier de commenter le test</doc>
<status status="PASS" starttime="20200713 19:44:09.509" endtime="20200713 19:44:22.284" critical="yes"></status>
</test>
<status status="PASS" starttime="20200713 19:44:08.739" endtime="20200713 19:44:22.288"></status>
</suite>
<status status="PASS" starttime="20200713 19:44:08.725" endtime="20200713 19:44:22.295"></status>
</suite>
<status status="PASS" starttime="20200713 19:44:08.637" endtime="20200713 19:44:22.300"></status>
</suite>
<statistics>
<total>
<stat pass="1" fail="0">Critical Tests</stat>
<stat pass="1" fail="0">All Tests</stat>
</total>
<tag>
</tag>
<suite>
<stat pass="1" fail="0" id="s1" name="Jour3">Jour3</stat>
<stat pass="1" fail="0" id="s1-s1" name="DemoOrange">Jour3.DemoOrange</stat>
<stat pass="1" fail="0" id="s1-s1-s1" name="loginTestSuite">Jour3.DemoOrange.loginTestSuite</stat>
</suite>
</statistics>
<errors>
<msg timestamp="20200713 19:44:17.247" level="WARN">Accessing variable items using '&amp;{dataLogin}[username]' syntax is deprecated. Use '${dataLogin}[username]' instead.</msg>
<msg timestamp="20200713 19:44:17.840" level="WARN">Accessing variable items using '&amp;{dataLogin}[password]' syntax is deprecated. Use '${dataLogin}[password]' instead.</msg>
</errors>
</robot>
